SF:lib/core/permission/permission_handler.dart
DA:8,0
DA:10,0
DA:11,0
DA:14,0
DA:15,0
LF:5
LH:0
end_of_record
SF:lib/features/listen_location/domain/usecases/listen_changes_GPS.dart
DA:12,0
DA:14,0
DA:17,0
DA:18,0
DA:19,0
DA:22,0
LF:6
LH:0
end_of_record
SF:lib/features/listen_location/domain/usecases/start_location.dart
DA:10,0
DA:12,0
DA:14,0
LF:3
LH:0
end_of_record
SF:lib/features/listen_location/domain/usecases/stop_location.dart
DA:10,0
DA:12,0
DA:14,0
LF:3
LH:0
end_of_record
SF:lib/features/listen_location/presentation/pages/home_page.dart
DA:6,1
DA:8,1
DA:9,1
DA:13,1
DA:15,1
DA:16,1
DA:19,1
DA:20,1
DA:21,1
DA:22,1
DA:24,1
DA:25,1
DA:26,1
DA:28,2
DA:31,1
DA:32,1
DA:34,3
DA:39,1
DA:42,1
DA:44,1
DA:45,0
DA:46,0
DA:47,0
DA:49,0
DA:53,1
DA:54,1
DA:55,1
DA:56,1
DA:58,1
LF:29
LH:25
end_of_record
SF:lib/features/listen_location/presentation/provider/home_provider.dart
DA:18,2
DA:21,2
DA:24,2
DA:27,2
DA:29,1
DA:35,1
DA:36,1
DA:37,1
DA:38,2
DA:41,0
DA:42,0
DA:43,0
DA:44,0
DA:47,1
DA:49,2
DA:50,2
DA:51,2
DA:52,2
DA:53,1
DA:54,0
DA:56,1
DA:61,1
DA:62,3
DA:63,1
DA:64,1
LF:25
LH:20
end_of_record
